<?xml version="1.0" encoding="UTF-8"?>
<robot generator="Robot 4.1.1 (Python 3.9.10 on darwin)" generated="20220523 19:44:27.604" rpa="false" schemaversion="2">
<suite id="s1" name="Tests" source="/Users/tarcisio.pereira/my_project/project_pb/desafio-parana-banco/tests">
<suite id="s1-s1" name="testsAPI" source="/Users/tarcisio.pereira/my_project/project_pb/desafio-parana-banco/tests/testsAPI.robot">
<kw name="Conectar a API" library="actionsAPI" type="SETUP">
<kw name="Create Session" library="RequestsLibrary">
<arg>alias=jsonPlaceholderAPI</arg>
<arg>url=${URI}</arg>
<doc>Create Session: create a HTTP session to a server</doc>
<msg timestamp="20220523 19:44:28.187" level="INFO">Creating Session using : alias=jsonPlaceholderAPI, url=http://jsonplaceholder.typicode.com/users, headers={},                     cookies={}, auth=None, timeout=None, proxies=None, verify=False,                     debug=0 </msg>
<status status="PASS" starttime="20220523 19:44:28.187" endtime="20220523 19:44:28.188"/>
</kw>
<status status="PASS" starttime="20220523 19:44:28.186" endtime="20220523 19:44:28.188"/>
</kw>
<test id="s1-s1-t1" name="[CTA-01]Pesquisar usuário">
<kw name="Buscar usuários" library="actionsAPI">
<kw name="GET On Session" library="RequestsLibrary">
<var>${resposta}</var>
<arg>jsonPlaceholderAPI</arg>
<arg>url=${URI}</arg>
<arg>expected_status=any</arg>
<doc>Sends a GET request on a previously created HTTP Session.</doc>
<msg timestamp="20220523 19:44:28.277" level="INFO">GET Request : url=http://jsonplaceholder.typicode.com/users 
 path_url=/users 
 headers={'User-Agent': 'python-requests/2.26.0', 'Accept-Encoding': 'gzip, deflate', 'Accept': '*/*', 'Connection': 'keep-alive'} 
 body=None 
 </msg>
<msg timestamp="20220523 19:44:28.278" level="INFO">GET Response : url=http://jsonplaceholder.typicode.com/users 
 status=200, reason=OK 
 headers={'Date': 'Mon, 23 May 2022 22:44:28 GMT', 'Content-Type': 'application/json; charset=utf-8', 'Transfer-Encoding': 'chunked', 'Connection': 'keep-alive', 'X-Powered-By': 'Express', 'X-Ratelimit-Limit': '1000', 'X-Ratelimit-Remaining': '999', 'X-Ratelimit-Reset': '1648634587', 'Vary': 'Origin, Accept-Encoding', 'Access-Control-Allow-Credentials': 'true', 'Cache-Control': 'max-age=43200', 'Pragma': 'no-cache', 'Expires': '-1', 'X-Content-Type-Options': 'nosniff', 'Etag': 'W/"160d-1eMSsxeJRfnVLRBmYJSbCiJZ1qQ"', 'Content-Encoding': 'gzip', 'Via': '1.1 vegur', 'CF-Cache-Status': 'HIT', 'Age': '8791', 'Report-To': '{"endpoints":[{"url":"https:\\/\\/a.nel.cloudflare.com\\/report\\/v3?s=ls7lSDPmy9%2BCVsFiAZ6tTpNzIelyj87Vr81kKcAvTTqJSgcc812FIlh18dH8%2FkEMPLsrMMcBE9%2FSZeuCe%2FonrnO1Rpo%2BzsknWdGiileDEVK7VRcXzCKJywxJd66NOa7VwhLv8%2FYBbpERNXNaPWxD"}],"group":"cf-nel","max_age":604800}', 'NEL': '{"success_fraction":0,"report_to":"cf-nel","max_age":604800}', 'Server': 'cloudflare', 'CF-RAY': '710150fd59f8a68a-GRU', 'alt-svc': 'h3=":443"; ma=86400, h3-29=":443"; ma=86400'} 
 body=[
  {
    "id": 1,
    "name": "Leanne Graham",
    "username": "Bret",
    "email": "Sincere@april.biz",
    "address": {
      "street": "Kulas Light",
      "suite": "Apt. 556",
      "city": "Gwenborough",
      "zipcode": "92998-3874",
      "geo": {
        "lat": "-37.3159",
        "lng": "81.1496"
      }
    },
    "phone": "1-770-736-8031 x56442",
    "website": "hildegard.org",
    "company": {
      "name": "Romaguera-Crona",
      "catchPhrase": "Multi-layered client-server neural-net",
      "bs": "harness real-time e-markets"
    }
  },
  {
    "id": 2,
    "name": "Ervin Howell",
    "username": "Antonette",
    "email": "Shanna@melissa.tv",
    "address": {
      "street": "Victor Plains",
      "suite": "Suite 879",
      "city": "Wisokyburgh",
      "zipcode": "90566-7771",
      "geo": {
        "lat": "-43.9509",
        "lng": "-34.4618"
      }
    },
    "phone": "010-692-6593 x09125",
    "website": "anastasia.net",
    "company": {
      "name": "Deckow-Crist",
      "catchPhrase": "Proactive didactic contingency",
      "bs": "synergize scalable supply-chains"
    }
  },
  {
    "id": 3,
    "name": "Clementine Bauch",
    "username": "Samantha",
    "email": "Nathan@yesenia.net",
    "address": {
      "street": "Douglas Extension",
      "suite": "Suite 847",
      "city": "McKenziehaven",
      "zipcode": "59590-4157",
      "geo": {
        "lat": "-68.6102",
        "lng": "-47.0653"
      }
    },
    "phone": "1-463-123-4447",
    "website": "ramiro.info",
    "company": {
      "name": "Romaguera-Jacobson",
      "catchPhrase": "Face to face bifurcated interface",
      "bs": "e-enable strategic applications"
    }
  },
  {
    "id": 4,
    "name": "Patricia Lebsack",
    "username": "Karianne",
    "email": "Julianne.OConner@kory.org",
    "address": {
      "street": "Hoeger Mall",
      "suite": "Apt. 692",
      "city": "South Elvis",
      "zipcode": "53919-4257",
      "geo": {
        "lat": "29.4572",
        "lng": "-164.2990"
      }
    },
    "phone": "493-170-9623 x156",
    "website": "kale.biz",
    "company": {
      "name": "Robel-Corkery",
      "catchPhrase": "Multi-tiered zero tolerance productivity",
      "bs": "transition cutting-edge web services"
    }
  },
  {
    "id": 5,
    "name": "Chelsey Dietrich",
    "username": "Kamren",
    "email": "Lucio_Hettinger@annie.ca",
    "address": {
      "street": "Skiles Walks",
      "suite": "Suite 351",
      "city": "Roscoeview",
      "zipcode": "33263",
      "geo": {
        "lat": "-31.8129",
        "lng": "62.5342"
      }
    },
    "phone": "(254)954-1289",
    "website": "demarco.info",
    "company": {
      "name": "Keebler LLC",
      "catchPhrase": "User-centric fault-tolerant solution",
      "bs": "revolutionize end-to-end systems"
    }
  },
  {
    "id": 6,
    "name": "Mrs. Dennis Schulist",
    "username": "Leopoldo_Corkery",
    "email": "Karley_Dach@jasper.info",
    "address": {
      "street": "Norberto Crossing",
      "suite": "Apt. 950",
      "city": "South Christy",
      "zipcode": "23505-1337",
      "geo": {
        "lat": "-71.4197",
        "lng": "71.7478"
      }
    },
    "phone": "1-477-935-8478 x6430",
    "website": "ola.org",
    "company": {
      "name": "Considine-Lockman",
      "catchPhrase": "Synchronised bottom-line interface",
      "bs": "e-enable innovative applications"
    }
  },
  {
    "id": 7,
    "name": "Kurtis Weissnat",
    "username": "Elwyn.Skiles",
    "email": "Telly.Hoeger@billy.biz",
    "address": {
      "street": "Rex Trail",
      "suite": "Suite 280",
      "city": "Howemouth",
      "zipcode": "58804-1099",
      "geo": {
        "lat": "24.8918",
        "lng": "21.8984"
      }
    },
    "phone": "210.067.6132",
    "website": "elvis.io",
    "company": {
      "name": "Johns Group",
      "catchPhrase": "Configurable multimedia task-force",
      "bs": "generate enterprise e-tailers"
    }
  },
  {
    "id": 8,
    "name": "Nicholas Runolfsdottir V",
    "username": "Maxime_Nienow",
    "email": "Sherwood@rosamond.me",
    "address": {
      "street": "Ellsworth Summit",
      "suite": "Suite 729",
      "city": "Aliyaview",
      "zipcode": "45169",
      "geo": {
        "lat": "-14.3990",
        "lng": "-120.7677"
      }
    },
    "phone": "586.493.6943 x140",
    "website": "jacynthe.com",
    "company": {
      "name": "Abernathy Group",
      "catchPhrase": "Implemented secondary concept",
      "bs": "e-enable extensible e-tailers"
    }
  },
  {
    "id": 9,
    "name": "Glenna Reichert",
    "username": "Delphine",
    "email": "Chaim_McDermott@dana.io",
    "address": {
      "street": "Dayna Park",
      "suite": "Suite 449",
      "city": "Bartholomebury",
      "zipcode": "76495-3109",
      "geo": {
        "lat": "24.6463",
        "lng": "-168.8889"
      }
    },
    "phone": "(775)976-6794 x41206",
    "website": "conrad.com",
    "company": {
      "name": "Yost and Sons",
      "catchPhrase": "Switchable contextually-based project",
      "bs": "aggregate real-time technologies"
    }
  },
  {
    "id": 10,
    "name": "Clementina DuBuque",
    "username": "Moriah.Stanton",
    "email": "Rey.Padberg@karina.biz",
    "address": {
      "street": "Kattie Turnpike",
      "suite": "Suite 198",
      "city": "Lebsackbury",
      "zipcode": "31428-2261",
      "geo": {
        "lat": "-38.2386",
        "lng": "57.2232"
      }
    },
    "phone": "024-648-3804",
    "website": "ambrose.net",
    "company": {
      "name": "Hoeger LLC",
      "catchPhrase": "Centralized empowering task-force",
      "bs": "target end-to-end models"
    }
  }
] 
 </msg>
<msg timestamp="20220523 19:44:28.278" level="INFO">${resposta} = &lt;Response [200]&gt;</msg>
<status status="PASS" starttime="20220523 19:44:28.189" endtime="20220523 19:44:28.278"/>
</kw>
<kw name="Status Should Be" library="RequestsLibrary">
<arg>200</arg>
<arg>${resposta}</arg>
<doc>Fails if response status code is different than the expected.</doc>
<status status="PASS" starttime="20220523 19:44:28.279" endtime="20220523 19:44:28.280"/>
</kw>
<kw name="Log" library="BuiltIn">
<arg>${resposta.text}</arg>
<doc>Logs the given message with the given level.</doc>
<msg timestamp="20220523 19:44:28.281" level="INFO">[
  {
    "id": 1,
    "name": "Leanne Graham",
    "username": "Bret",
    "email": "Sincere@april.biz",
    "address": {
      "street": "Kulas Light",
      "suite": "Apt. 556",
      "city": "Gwenborough",
      "zipcode": "92998-3874",
      "geo": {
        "lat": "-37.3159",
        "lng": "81.1496"
      }
    },
    "phone": "1-770-736-8031 x56442",
    "website": "hildegard.org",
    "company": {
      "name": "Romaguera-Crona",
      "catchPhrase": "Multi-layered client-server neural-net",
      "bs": "harness real-time e-markets"
    }
  },
  {
    "id": 2,
    "name": "Ervin Howell",
    "username": "Antonette",
    "email": "Shanna@melissa.tv",
    "address": {
      "street": "Victor Plains",
      "suite": "Suite 879",
      "city": "Wisokyburgh",
      "zipcode": "90566-7771",
      "geo": {
        "lat": "-43.9509",
        "lng": "-34.4618"
      }
    },
    "phone": "010-692-6593 x09125",
    "website": "anastasia.net",
    "company": {
      "name": "Deckow-Crist",
      "catchPhrase": "Proactive didactic contingency",
      "bs": "synergize scalable supply-chains"
    }
  },
  {
    "id": 3,
    "name": "Clementine Bauch",
    "username": "Samantha",
    "email": "Nathan@yesenia.net",
    "address": {
      "street": "Douglas Extension",
      "suite": "Suite 847",
      "city": "McKenziehaven",
      "zipcode": "59590-4157",
      "geo": {
        "lat": "-68.6102",
        "lng": "-47.0653"
      }
    },
    "phone": "1-463-123-4447",
    "website": "ramiro.info",
    "company": {
      "name": "Romaguera-Jacobson",
      "catchPhrase": "Face to face bifurcated interface",
      "bs": "e-enable strategic applications"
    }
  },
  {
    "id": 4,
    "name": "Patricia Lebsack",
    "username": "Karianne",
    "email": "Julianne.OConner@kory.org",
    "address": {
      "street": "Hoeger Mall",
      "suite": "Apt. 692",
      "city": "South Elvis",
      "zipcode": "53919-4257",
      "geo": {
        "lat": "29.4572",
        "lng": "-164.2990"
      }
    },
    "phone": "493-170-9623 x156",
    "website": "kale.biz",
    "company": {
      "name": "Robel-Corkery",
      "catchPhrase": "Multi-tiered zero tolerance productivity",
      "bs": "transition cutting-edge web services"
    }
  },
  {
    "id": 5,
    "name": "Chelsey Dietrich",
    "username": "Kamren",
    "email": "Lucio_Hettinger@annie.ca",
    "address": {
      "street": "Skiles Walks",
      "suite": "Suite 351",
      "city": "Roscoeview",
      "zipcode": "33263",
      "geo": {
        "lat": "-31.8129",
        "lng": "62.5342"
      }
    },
    "phone": "(254)954-1289",
    "website": "demarco.info",
    "company": {
      "name": "Keebler LLC",
      "catchPhrase": "User-centric fault-tolerant solution",
      "bs": "revolutionize end-to-end systems"
    }
  },
  {
    "id": 6,
    "name": "Mrs. Dennis Schulist",
    "username": "Leopoldo_Corkery",
    "email": "Karley_Dach@jasper.info",
    "address": {
      "street": "Norberto Crossing",
      "suite": "Apt. 950",
      "city": "South Christy",
      "zipcode": "23505-1337",
      "geo": {
        "lat": "-71.4197",
        "lng": "71.7478"
      }
    },
    "phone": "1-477-935-8478 x6430",
    "website": "ola.org",
    "company": {
      "name": "Considine-Lockman",
      "catchPhrase": "Synchronised bottom-line interface",
      "bs": "e-enable innovative applications"
    }
  },
  {
    "id": 7,
    "name": "Kurtis Weissnat",
    "username": "Elwyn.Skiles",
    "email": "Telly.Hoeger@billy.biz",
    "address": {
      "street": "Rex Trail",
      "suite": "Suite 280",
      "city": "Howemouth",
      "zipcode": "58804-1099",
      "geo": {
        "lat": "24.8918",
        "lng": "21.8984"
      }
    },
    "phone": "210.067.6132",
    "website": "elvis.io",
    "company": {
      "name": "Johns Group",
      "catchPhrase": "Configurable multimedia task-force",
      "bs": "generate enterprise e-tailers"
    }
  },
  {
    "id": 8,
    "name": "Nicholas Runolfsdottir V",
    "username": "Maxime_Nienow",
    "email": "Sherwood@rosamond.me",
    "address": {
      "street": "Ellsworth Summit",
      "suite": "Suite 729",
      "city": "Aliyaview",
      "zipcode": "45169",
      "geo": {
        "lat": "-14.3990",
        "lng": "-120.7677"
      }
    },
    "phone": "586.493.6943 x140",
    "website": "jacynthe.com",
    "company": {
      "name": "Abernathy Group",
      "catchPhrase": "Implemented secondary concept",
      "bs": "e-enable extensible e-tailers"
    }
  },
  {
    "id": 9,
    "name": "Glenna Reichert",
    "username": "Delphine",
    "email": "Chaim_McDermott@dana.io",
    "address": {
      "street": "Dayna Park",
      "suite": "Suite 449",
      "city": "Bartholomebury",
      "zipcode": "76495-3109",
      "geo": {
        "lat": "24.6463",
        "lng": "-168.8889"
      }
    },
    "phone": "(775)976-6794 x41206",
    "website": "conrad.com",
    "company": {
      "name": "Yost and Sons",
      "catchPhrase": "Switchable contextually-based project",
      "bs": "aggregate real-time technologies"
    }
  },
  {
    "id": 10,
    "name": "Clementina DuBuque",
    "username": "Moriah.Stanton",
    "email": "Rey.Padberg@karina.biz",
    "address": {
      "street": "Kattie Turnpike",
      "suite": "Suite 198",
      "city": "Lebsackbury",
      "zipcode": "31428-2261",
      "geo": {
        "lat": "-38.2386",
        "lng": "57.2232"
      }
    },
    "phone": "024-648-3804",
    "website": "ambrose.net",
    "company": {
      "name": "Hoeger LLC",
      "catchPhrase": "Centralized empowering task-force",
      "bs": "target end-to-end models"
    }
  }
]</msg>
<status status="PASS" starttime="20220523 19:44:28.280" endtime="20220523 19:44:28.282"/>
</kw>
<kw name="Validate Jsonschema From File" library="JsonValidator">
<arg>${resposta.json()}</arg>
<arg>/Users/tarcisio.pereira/my_project/project_pb/desafio-parana-banco/resources/keywords/../resourcesJson/jsonShemaBuscar.json</arg>
<doc>Validate JSON according to schema, loaded from a file.</doc>
<status status="PASS" starttime="20220523 19:44:28.282" endtime="20220523 19:44:28.301"/>
</kw>
<status status="PASS" starttime="20220523 19:44:28.189" endtime="20220523 19:44:28.301"/>
</kw>
<status status="PASS" starttime="20220523 19:44:28.188" endtime="20220523 19:44:28.301"/>
</test>
<test id="s1-s1-t2" name="[CTA-02]Pesquisar usuário por filtro">
<kw name="Buscar usuário filtro id" library="actionsAPI">
<arg>1</arg>
<kw name="GET On Session" library="RequestsLibrary">
<var>${resposta}</var>
<arg>jsonPlaceholderAPI</arg>
<arg>url=${URI}/1</arg>
<arg>expected_status=any</arg>
<doc>Sends a GET request on a previously created HTTP Session.</doc>
<msg timestamp="20220523 19:44:28.336" level="INFO">GET Request : url=http://jsonplaceholder.typicode.com/users/1 
 path_url=/users/1 
 headers={'User-Agent': 'python-requests/2.26.0', 'Accept-Encoding': 'gzip, deflate', 'Accept': '*/*', 'Connection': 'keep-alive'} 
 body=None 
 </msg>
<msg timestamp="20220523 19:44:28.336" level="INFO">GET Response : url=http://jsonplaceholder.typicode.com/users/1 
 status=200, reason=OK 
 headers={'Date': 'Mon, 23 May 2022 22:44:28 GMT', 'Content-Type': 'application/json; charset=utf-8', 'Transfer-Encoding': 'chunked', 'Connection': 'keep-alive', 'X-Powered-By': 'Express', 'X-Ratelimit-Limit': '1000', 'X-Ratelimit-Remaining': '998', 'X-Ratelimit-Reset': '1652115660', 'Vary': 'Origin, Accept-Encoding', 'Access-Control-Allow-Credentials': 'true', 'Cache-Control': 'max-age=43200', 'Pragma': 'no-cache', 'Expires': '-1', 'X-Content-Type-Options': 'nosniff', 'Etag': 'W/"1fd-+2Y3G3w049iSZtw5t1mzSnunngE"', 'Via': '1.1 vegur', 'CF-Cache-Status': 'HIT', 'Age': '2107', 'Report-To': '{"endpoints":[{"url":"https:\\/\\/a.nel.cloudflare.com\\/report\\/v3?s=uey9iIB8hLW9gwYrAs%2FfJumT%2BUYXhKclgwDxfzV2K4WN1eZD0%2BJ2NGU3%2FNgC3Dt0c%2Fjp4Qqh0xwGnKo7VUG%2FXHI3xr3XwT260ILtqle9fSUAreCxRVD7XisTKWzUvMgXygOz%2FQYO4Q9itBHOhldR"}],"group":"cf-nel","max_age":604800}', 'NEL': '{"success_fraction":0,"report_to":"cf-nel","max_age":604800}', 'Server': 'cloudflare', 'CF-RAY': '710150fdca9fa68a-GRU', 'Content-Encoding': 'gzip', 'alt-svc': 'h3=":443"; ma=86400, h3-29=":443"; ma=86400'} 
 body={
  "id": 1,
  "name": "Leanne Graham",
  "username": "Bret",
  "email": "Sincere@april.biz",
  "address": {
    "street": "Kulas Light",
    "suite": "Apt. 556",
    "city": "Gwenborough",
    "zipcode": "92998-3874",
    "geo": {
      "lat": "-37.3159",
      "lng": "81.1496"
    }
  },
  "phone": "1-770-736-8031 x56442",
  "website": "hildegard.org",
  "company": {
    "name": "Romaguera-Crona",
    "catchPhrase": "Multi-layered client-server neural-net",
    "bs": "harness real-time e-markets"
  }
} 
 </msg>
<msg timestamp="20220523 19:44:28.337" level="INFO">${resposta} = &lt;Response [200]&gt;</msg>
<status status="PASS" starttime="20220523 19:44:28.303" endtime="20220523 19:44:28.337"/>
</kw>
<kw name="Log" library="BuiltIn">
<arg>${resposta.text}</arg>
<doc>Logs the given message with the given level.</doc>
<msg timestamp="20220523 19:44:28.339" level="INFO">{
  "id": 1,
  "name": "Leanne Graham",
  "username": "Bret",
  "email": "Sincere@april.biz",
  "address": {
    "street": "Kulas Light",
    "suite": "Apt. 556",
    "city": "Gwenborough",
    "zipcode": "92998-3874",
    "geo": {
      "lat": "-37.3159",
      "lng": "81.1496"
    }
  },
  "phone": "1-770-736-8031 x56442",
  "website": "hildegard.org",
  "company": {
    "name": "Romaguera-Crona",
    "catchPhrase": "Multi-layered client-server neural-net",
    "bs": "harness real-time e-markets"
  }
}</msg>
<status status="PASS" starttime="20220523 19:44:28.337" endtime="20220523 19:44:28.339"/>
</kw>
<kw name="Status Should Be" library="RequestsLibrary">
<arg>200</arg>
<arg>${resposta}</arg>
<doc>Fails if response status code is different than the expected.</doc>
<status status="PASS" starttime="20220523 19:44:28.340" endtime="20220523 19:44:28.340"/>
</kw>
<kw name="Validate Jsonschema From File" library="JsonValidator">
<arg>${resposta.json()}</arg>
<arg>/Users/tarcisio.pereira/my_project/project_pb/desafio-parana-banco/resources/keywords/../resourcesJson/jsonShemaBuscarFiltrar.json</arg>
<doc>Validate JSON according to schema, loaded from a file.</doc>
<status status="PASS" starttime="20220523 19:44:28.340" endtime="20220523 19:44:28.353"/>
</kw>
<status status="PASS" starttime="20220523 19:44:28.303" endtime="20220523 19:44:28.353"/>
</kw>
<status status="PASS" starttime="20220523 19:44:28.302" endtime="20220523 19:44:28.353"/>
</test>
<test id="s1-s1-t3" name="[CTA-03]Criar usuário">
<kw name="Cadastrar usuário" library="actionsAPI">
<kw name="Get File" library="OperatingSystem">
<var>${body}</var>
<arg>/Users/tarcisio.pereira/my_project/project_pb/desafio-parana-banco/resources/keywords/../resourcesJson/cadastrar.json</arg>
<doc>Returns the contents of a specified file.</doc>
<msg timestamp="20220523 19:44:28.355" level="INFO" html="true">Getting file '&lt;a href="file:///Users/tarcisio.pereira/my_project/project_pb/desafio-parana-banco/resources/resourcesJson/cadastrar.json"&gt;/Users/tarcisio.pereira/my_project/project_pb/desafio-parana-banco/resources/resourcesJson/cadastrar.json&lt;/a&gt;'.</msg>
<msg timestamp="20220523 19:44:28.356" level="INFO">${body} = {{
    "id": 1,
    "name": "Tarcísio Mendes Pereira",
    "username": "tarcisio.mendes",
    "email": "tarcisio.mendes@xpto.com",
    "address": {{
        "street": "Ator Paulo Gustavo",
        "su...</msg>
<status status="PASS" starttime="20220523 19:44:28.355" endtime="20220523 19:44:28.356"/>
</kw>
<kw name="Format String" library="String">
<var>${body}</var>
<arg>${body}</arg>
<doc>Formats a ``template`` using the given ``positional`` and ``named`` arguments.</doc>
<msg timestamp="20220523 19:44:28.356" level="INFO">${body} = {
    "id": 1,
    "name": "Tarcísio Mendes Pereira",
    "username": "tarcisio.mendes",
    "email": "tarcisio.mendes@xpto.com",
    "address": {
        "street": "Ator Paulo Gustavo",
        "suit...</msg>
<status status="PASS" starttime="20220523 19:44:28.356" endtime="20220523 19:44:28.356"/>
</kw>
<kw name="Create Dictionary" library="BuiltIn">
<var>${headers}</var>
<arg>content-type=application/json</arg>
<doc>Creates and returns a dictionary based on the given ``items``.</doc>
<msg timestamp="20220523 19:44:28.357" level="INFO">${headers} = {'content-type': 'application/json'}</msg>
<status status="PASS" starttime="20220523 19:44:28.356" endtime="20220523 19:44:28.357"/>
</kw>
<kw name="POST On Session" library="RequestsLibrary">
<var>${resposta}</var>
<arg>jsonPlaceholderAPI</arg>
<arg>url=${URI}</arg>
<arg>expected_status=201</arg>
<arg>headers=${headers}</arg>
<arg>data=${body}</arg>
<doc>Sends a POST request on a previously created HTTP Session.</doc>
<msg timestamp="20220523 19:44:28.655" level="INFO">POST Request : url=http://jsonplaceholder.typicode.com/users 
 path_url=/users 
 headers={'User-Agent': 'python-requests/2.26.0', 'Accept-Encoding': 'gzip, deflate', 'Accept': '*/*', 'Connection': 'keep-alive', 'content-type': 'application/json', 'Content-Length': '602'} 
 body={
    "id": 1,
    "name": "Tarcísio Mendes Pereira",
    "username": "tarcisio.mendes",
    "email": "tarcisio.mendes@xpto.com",
    "address": {
        "street": "Ator Paulo Gustavo",
        "suite": "Apt. 246",
        "city": "Itaborai",
        "zipcode": "24230053",
        "geo": {
            "lat": "-37.3159",
            "lng": "81.1496"
        }
    },
    "phone": "1-770-736-8031 x56442",
    "website": "xpto.org",
    "company": {
        "name": "Romaguera-Crona",
        "catchPhrase": "Multi-layered client-server neural-net",
        "bs": "harness real-time e-markets"
    }
} 
 </msg>
<msg timestamp="20220523 19:44:28.655" level="INFO">POST Response : url=http://jsonplaceholder.typicode.com/users 
 status=201, reason=Created 
 headers={'Date': 'Mon, 23 May 2022 22:44:28 GMT', 'Content-Type': 'application/json; charset=utf-8', 'Content-Length': '537', 'Connection': 'keep-alive', 'X-Powered-By': 'Express', 'X-Ratelimit-Limit': '1000', 'X-Ratelimit-Remaining': '999', 'X-Ratelimit-Reset': '1653345920', 'Vary': 'Origin, X-HTTP-Method-Override, Accept-Encoding', 'Access-Control-Allow-Credentials': 'true', 'Cache-Control': 'no-cache', 'Pragma': 'no-cache', 'Expires': '-1', 'Access-Control-Expose-Headers': 'Location', 'Location': 'http://jsonplaceholder.typicode.com/users/11', 'X-Content-Type-Options': 'nosniff', 'Etag': 'W/"219-BtPEQuSe+ErjlitMv+0P9GJxxPI"', 'Via': '1.1 vegur', 'CF-Cache-Status': 'DYNAMIC', 'Report-To': '{"endpoints":[{"url":"https:\\/\\/a.nel.cloudflare.com\\/report\\/v3?s=dWgiinynaaPGw64sWFeQnUFcXWOOECBQJqjl9AlIizj2DnclvSqmlBkoWynPGQNSrax6eHGRZAYWugTW4Fp%2FeS2DIBnYVrF3rERLX8Vr3KAFqv0RTIwYp6ppXJD4YMBDpl%2FcghAU2EAnt5hpLbBK"}],"group":"cf-nel","max_age":604800}', 'NEL': '{"success_fraction":0,"report_to":"cf-nel","max_age":604800}', 'Server': 'cloudflare', 'CF-RAY': '710150fe2b11a68a-GRU', 'alt-svc': 'h3=":443"; ma=86400, h3-29=":443"; ma=86400'} 
 body={
  "id": 11,
  "name": "Tarc�sio Mendes Pereira",
  "username": "tarcisio.mendes",
  "email": "tarcisio.mendes@xpto.com",
  "address": {
    "street": "Ator Paulo Gustavo",
    "suite": "Apt. 246",
    "city": "Itaborai",
    "zipcode": "24230053",
    "geo": {
      "lat": "-37.3159",
      "lng": "81.1496"
    }
  },
  "phone": "1-770-736-8031 x56442",
  "website": "xpto.org",
  "company": {
    "name": "Romaguera-Crona",
    "catchPhrase": "Multi-layered client-server neural-net",
    "bs": "harness real-time e-markets"
  }
} 
 </msg>
<msg timestamp="20220523 19:44:28.656" level="INFO">${resposta} = &lt;Response [201]&gt;</msg>
<status status="PASS" starttime="20220523 19:44:28.357" endtime="20220523 19:44:28.656"/>
</kw>
<kw name="Status Should Be" library="RequestsLibrary">
<arg>201</arg>
<arg>${resposta}</arg>
<doc>Fails if response status code is different than the expected.</doc>
<status status="PASS" starttime="20220523 19:44:28.656" endtime="20220523 19:44:28.658"/>
</kw>
<kw name="Log" library="BuiltIn">
<arg>${resposta.text}</arg>
<doc>Logs the given message with the given level.</doc>
<msg timestamp="20220523 19:44:28.660" level="INFO">{
  "id": 11,
  "name": "Tarc�sio Mendes Pereira",
  "username": "tarcisio.mendes",
  "email": "tarcisio.mendes@xpto.com",
  "address": {
    "street": "Ator Paulo Gustavo",
    "suite": "Apt. 246",
    "city": "Itaborai",
    "zipcode": "24230053",
    "geo": {
      "lat": "-37.3159",
      "lng": "81.1496"
    }
  },
  "phone": "1-770-736-8031 x56442",
  "website": "xpto.org",
  "company": {
    "name": "Romaguera-Crona",
    "catchPhrase": "Multi-layered client-server neural-net",
    "bs": "harness real-time e-markets"
  }
}</msg>
<status status="PASS" starttime="20220523 19:44:28.659" endtime="20220523 19:44:28.660"/>
</kw>
<kw name="Validate Jsonschema From File" library="JsonValidator">
<arg>${resposta.json()}</arg>
<arg>/Users/tarcisio.pereira/my_project/project_pb/desafio-parana-banco/resources/keywords/../resourcesJson/jsonShemaCadastrar.json</arg>
<doc>Validate JSON according to schema, loaded from a file.</doc>
<status status="PASS" starttime="20220523 19:44:28.660" endtime="20220523 19:44:28.672"/>
</kw>
<status status="PASS" starttime="20220523 19:44:28.354" endtime="20220523 19:44:28.673"/>
</kw>
<status status="PASS" starttime="20220523 19:44:28.354" endtime="20220523 19:44:28.673"/>
</test>
<test id="s1-s1-t4" name="[CTA-04]Excluir usuário">
<kw name="Deletar usuário" library="actionsAPI">
<kw name="DELETE On Session" library="RequestsLibrary">
<var>${resposta}</var>
<arg>jsonPlaceholderAPI</arg>
<arg>url=${URI}/1</arg>
<arg>expected_status=any</arg>
<doc>Sends a DELETE request on a previously created HTTP Session.</doc>
<msg timestamp="20220523 19:44:28.942" level="INFO">DELETE Request : url=http://jsonplaceholder.typicode.com/users/1 
 path_url=/users/1 
 headers={'User-Agent': 'python-requests/2.26.0', 'Accept-Encoding': 'gzip, deflate', 'Accept': '*/*', 'Connection': 'keep-alive', 'Content-Length': '0'} 
 body=None 
 </msg>
<msg timestamp="20220523 19:44:28.942" level="INFO">DELETE Response : url=http://jsonplaceholder.typicode.com/users/1 
 status=200, reason=OK 
 headers={'Date': 'Mon, 23 May 2022 22:44:29 GMT', 'Content-Type': 'application/json; charset=utf-8', 'Content-Length': '2', 'Connection': 'keep-alive', 'X-Powered-By': 'Express', 'X-Ratelimit-Limit': '1000', 'X-Ratelimit-Remaining': '998', 'X-Ratelimit-Reset': '1653345920', 'Vary': 'Origin, Accept-Encoding', 'Access-Control-Allow-Credentials': 'true', 'Cache-Control': 'no-cache', 'Pragma': 'no-cache', 'Expires': '-1', 'X-Content-Type-Options': 'nosniff', 'Etag': 'W/"2-vyGp6PvFo4RvsFtPoIWeCReyIC8"', 'Via': '1.1 vegur', 'CF-Cache-Status': 'DYNAMIC', 'Report-To': '{"endpoints":[{"url":"https:\\/\\/a.nel.cloudflare.com\\/report\\/v3?s=aJHgJwDtodlXtT5qn%2BFnhDylVbcjDEaxxQ1BuRdrzSY24gKYruoP3Y%2BUnNx4DZLv0fBkw%2BpMJRY3R93k2hyDEoWKUxUNEH0d5qHyTZwc6333%2BgkBu8%2BTAoOPYH3cZftydKpND5RKrzdH4IGfHJWY"}],"group":"cf-nel","max_age":604800}', 'NEL': '{"success_fraction":0,"report_to":"cf-nel","max_age":604800}', 'Server': 'cloudflare', 'CF-RAY': '710151002e1fa68a-GRU', 'alt-svc': 'h3=":443"; ma=86400, h3-29=":443"; ma=86400'} 
 body={} 
 </msg>
<msg timestamp="20220523 19:44:28.942" level="INFO">${resposta} = &lt;Response [200]&gt;</msg>
<status status="PASS" starttime="20220523 19:44:28.674" endtime="20220523 19:44:28.942"/>
</kw>
<kw name="Status Should Be" library="RequestsLibrary">
<arg>200</arg>
<arg>${resposta}</arg>
<doc>Fails if response status code is different than the expected.</doc>
<status status="PASS" starttime="20220523 19:44:28.942" endtime="20220523 19:44:28.942"/>
</kw>
<kw name="Log" library="BuiltIn">
<arg>${resposta.text}</arg>
<doc>Logs the given message with the given level.</doc>
<msg timestamp="20220523 19:44:28.943" level="INFO">{}</msg>
<status status="PASS" starttime="20220523 19:44:28.942" endtime="20220523 19:44:28.943"/>
</kw>
<status status="PASS" starttime="20220523 19:44:28.674" endtime="20220523 19:44:28.943"/>
</kw>
<status status="PASS" starttime="20220523 19:44:28.673" endtime="20220523 19:44:28.943"/>
</test>
<test id="s1-s1-t5" name="[CTA-05]Atualizar usuário">
<kw name="Alterar usuário" library="actionsAPI">
<kw name="Get File" library="OperatingSystem">
<var>${body}</var>
<arg>/Users/tarcisio.pereira/my_project/project_pb/desafio-parana-banco/resources/keywords/../resourcesJson/atualizar.json</arg>
<doc>Returns the contents of a specified file.</doc>
<msg timestamp="20220523 19:44:28.945" level="INFO" html="true">Getting file '&lt;a href="file:///Users/tarcisio.pereira/my_project/project_pb/desafio-parana-banco/resources/resourcesJson/atualizar.json"&gt;/Users/tarcisio.pereira/my_project/project_pb/desafio-parana-banco/resources/resourcesJson/atualizar.json&lt;/a&gt;'.</msg>
<msg timestamp="20220523 19:44:28.945" level="INFO">${body} = {{
    "id": 1,
    "name": "Tarcísio Pereira"
}}</msg>
<status status="PASS" starttime="20220523 19:44:28.944" endtime="20220523 19:44:28.946"/>
</kw>
<kw name="Format String" library="String">
<var>${body}</var>
<arg>${body}</arg>
<doc>Formats a ``template`` using the given ``positional`` and ``named`` arguments.</doc>
<msg timestamp="20220523 19:44:28.946" level="INFO">${body} = {
    "id": 1,
    "name": "Tarcísio Pereira"
}</msg>
<status status="PASS" starttime="20220523 19:44:28.946" endtime="20220523 19:44:28.946"/>
</kw>
<kw name="Create Dictionary" library="BuiltIn">
<var>${headers}</var>
<arg>content-type=application/json</arg>
<doc>Creates and returns a dictionary based on the given ``items``.</doc>
<msg timestamp="20220523 19:44:28.947" level="INFO">${headers} = {'content-type': 'application/json'}</msg>
<status status="PASS" starttime="20220523 19:44:28.946" endtime="20220523 19:44:28.947"/>
</kw>
<kw name="PUT On Session" library="RequestsLibrary">
<var>${resposta}</var>
<arg>jsonPlaceholderAPI</arg>
<arg>url=${URI}/1</arg>
<arg>expected_status=200</arg>
<arg>headers=${headers}</arg>
<arg>data=${body}</arg>
<doc>Sends a PUT request on a previously created HTTP Session.</doc>
<msg timestamp="20220523 19:44:29.289" level="INFO">PUT Request : url=http://jsonplaceholder.typicode.com/users/1 
 path_url=/users/1 
 headers={'User-Agent': 'python-requests/2.26.0', 'Accept-Encoding': 'gzip, deflate', 'Accept': '*/*', 'Connection': 'keep-alive', 'content-type': 'application/json', 'Content-Length': '47'} 
 body={
    "id": 1,
    "name": "Tarcísio Pereira"
} 
 </msg>
<msg timestamp="20220523 19:44:29.289" level="INFO">PUT Response : url=http://jsonplaceholder.typicode.com/users/1 
 status=200, reason=OK 
 headers={'Date': 'Mon, 23 May 2022 22:44:29 GMT', 'Content-Type': 'application/json; charset=utf-8', 'Content-Length': '45', 'Connection': 'keep-alive', 'X-Powered-By': 'Express', 'X-Ratelimit-Limit': '1000', 'X-Ratelimit-Remaining': '997', 'X-Ratelimit-Reset': '1653345920', 'Vary': 'Origin, Accept-Encoding', 'Access-Control-Allow-Credentials': 'true', 'Cache-Control': 'no-cache', 'Pragma': 'no-cache', 'Expires': '-1', 'X-Content-Type-Options': 'nosniff', 'Etag': 'W/"2d-C9iDYfElzY73mNHjLumDtrF1yIg"', 'Via': '1.1 vegur', 'CF-Cache-Status': 'DYNAMIC', 'Report-To': '{"endpoints":[{"url":"https:\\/\\/a.nel.cloudflare.com\\/report\\/v3?s=oWIxo1XhQG%2BrE5CjD5H%2BErKd%2Fnzn3xR6h838ZJ0oLLosxmcj69Jtax%2B7MlMUWbx5hVtIR9UAm61%2B%2FSHc%2BPcy%2Bk8Bk%2FO595JGMFRRufHlNu6vB%2BUQMnIwAICi8scWp%2FGkO3lv%2BgNBFBL%2FEAsk6VI7"}],"group":"cf-nel","max_age":604800}', 'NEL': '{"success_fraction":0,"report_to":"cf-nel","max_age":604800}', 'Server': 'cloudflare', 'CF-RAY': '71015101c8d1a68a-GRU', 'alt-svc': 'h3=":443"; ma=86400, h3-29=":443"; ma=86400'} 
 body={
  "id": 1,
  "name": "Tarc�sio Pereira"
} 
 </msg>
<msg timestamp="20220523 19:44:29.290" level="INFO">${resposta} = &lt;Response [200]&gt;</msg>
<status status="PASS" starttime="20220523 19:44:28.947" endtime="20220523 19:44:29.290"/>
</kw>
<kw name="Status Should Be" library="RequestsLibrary">
<arg>200</arg>
<arg>${resposta}</arg>
<doc>Fails if response status code is different than the expected.</doc>
<status status="PASS" starttime="20220523 19:44:29.290" endtime="20220523 19:44:29.291"/>
</kw>
<kw name="Log" library="BuiltIn">
<arg>${resposta.text}</arg>
<doc>Logs the given message with the given level.</doc>
<msg timestamp="20220523 19:44:29.293" level="INFO">{
  "id": 1,
  "name": "Tarc�sio Pereira"
}</msg>
<status status="PASS" starttime="20220523 19:44:29.291" endtime="20220523 19:44:29.293"/>
</kw>
<kw name="Validate Jsonschema From File" library="JsonValidator">
<arg>${resposta.json()}</arg>
<arg>/Users/tarcisio.pereira/my_project/project_pb/desafio-parana-banco/resources/keywords/../resourcesJson/jsonShemaAlterar.json</arg>
<doc>Validate JSON according to schema, loaded from a file.</doc>
<status status="PASS" starttime="20220523 19:44:29.293" endtime="20220523 19:44:29.316"/>
</kw>
<status status="PASS" starttime="20220523 19:44:28.944" endtime="20220523 19:44:29.316"/>
</kw>
<tag>test</tag>
<status status="PASS" starttime="20220523 19:44:28.944" endtime="20220523 19:44:29.316"/>
</test>
<doc>Esse arquivo possui os testes executaveis da API</doc>
<status status="PASS" starttime="20220523 19:44:27.638" endtime="20220523 19:44:29.317"/>
</suite>
<suite id="s1-s2" name="testsWeb" source="/Users/tarcisio.pereira/my_project/project_pb/desafio-parana-banco/tests/testsWeb.robot">
<kw name="abrir navegador" library="setup" type="SETUP">
<kw name="Set Selenium Timeout" library="SeleniumLibrary">
<arg>5s</arg>
<doc>Sets the timeout that is used by various keywords.</doc>
<status status="PASS" starttime="20220523 19:44:29.485" endtime="20220523 19:44:29.485"/>
</kw>
<kw name="Open Browser" library="SeleniumLibrary">
<arg>url=${url}</arg>
<arg>browser=${browser}</arg>
<doc>Opens a new browser instance to the optional ``url``.</doc>
<msg timestamp="20220523 19:44:29.486" level="INFO">Opening browser 'firefox' to base url 'https://the-internet.herokuapp.com/challenging_dom'.</msg>
<msg timestamp="20220523 19:44:29.487" level="INFO">Firefox driver log is always forced to to: /Users/tarcisio.pereira/my_project/project_pb/desafio-parana-banco/testsresults/geckodriver-1.log</msg>
<status status="PASS" starttime="20220523 19:44:29.486" endtime="20220523 19:44:52.353"/>
</kw>
<status status="PASS" starttime="20220523 19:44:29.485" endtime="20220523 19:44:52.353"/>
</kw>
<test id="s1-s2-t1" name="[CTW-O1]Clicar no botão Azul">
<kw name="Aguardar a Home Page está visivel" library="actions">
<kw name="Wait Until Page Contains" library="SeleniumLibrary">
<arg>Challenging DOM</arg>
<doc>Waits until ``text`` appears on the current page.</doc>
<status status="PASS" starttime="20220523 19:44:52.355" endtime="20220523 19:44:52.373"/>
</kw>
<kw name="Capture Page Screenshot" library="SeleniumLibrary">
<doc>Takes a screenshot of the current page and embeds it into a log file.</doc>
<msg timestamp="20220523 19:44:52.475" level="INFO" html="true">&lt;/td&gt;&lt;/tr&gt;&lt;tr&gt;&lt;td colspan="3"&gt;&lt;a href="selenium-screenshot-1.png"&gt;&lt;img src="selenium-screenshot-1.png" width="800px"&gt;&lt;/a&gt;</msg>
<status status="PASS" starttime="20220523 19:44:52.374" endtime="20220523 19:44:52.475"/>
</kw>
<status status="PASS" starttime="20220523 19:44:52.355" endtime="20220523 19:44:52.475"/>
</kw>
<kw name="Clicar no botão" library="actions">
<arg>button</arg>
<kw name="Click Element" library="SeleniumLibrary">
<arg>xpath=//a[@class='${name_button}']</arg>
<doc>Click the element identified by ``locator``.</doc>
<msg timestamp="20220523 19:44:52.476" level="INFO">Clicking element 'xpath=//a[@class='button']'.</msg>
<status status="PASS" starttime="20220523 19:44:52.476" endtime="20220523 19:44:53.007"/>
</kw>
<kw name="Capture Page Screenshot" library="SeleniumLibrary">
<doc>Takes a screenshot of the current page and embeds it into a log file.</doc>
<msg timestamp="20220523 19:44:53.100" level="INFO" html="true">&lt;/td&gt;&lt;/tr&gt;&lt;tr&gt;&lt;td colspan="3"&gt;&lt;a href="selenium-screenshot-2.png"&gt;&lt;img src="selenium-screenshot-2.png" width="800px"&gt;&lt;/a&gt;</msg>
<status status="PASS" starttime="20220523 19:44:53.007" endtime="20220523 19:44:53.101"/>
</kw>
<status status="PASS" starttime="20220523 19:44:52.475" endtime="20220523 19:44:53.101"/>
</kw>
<status status="PASS" starttime="20220523 19:44:52.353" endtime="20220523 19:44:53.101"/>
</test>
<test id="s1-s2-t2" name="[CTW-O2]Clicar no botão Vermelho">
<kw name="Aguardar a Home Page está visivel" library="actions">
<kw name="Wait Until Page Contains" library="SeleniumLibrary">
<arg>Challenging DOM</arg>
<doc>Waits until ``text`` appears on the current page.</doc>
<status status="PASS" starttime="20220523 19:44:53.103" endtime="20220523 19:44:53.107"/>
</kw>
<kw name="Capture Page Screenshot" library="SeleniumLibrary">
<doc>Takes a screenshot of the current page and embeds it into a log file.</doc>
<msg timestamp="20220523 19:44:53.201" level="INFO" html="true">&lt;/td&gt;&lt;/tr&gt;&lt;tr&gt;&lt;td colspan="3"&gt;&lt;a href="selenium-screenshot-3.png"&gt;&lt;img src="selenium-screenshot-3.png" width="800px"&gt;&lt;/a&gt;</msg>
<status status="PASS" starttime="20220523 19:44:53.107" endtime="20220523 19:44:53.201"/>
</kw>
<status status="PASS" starttime="20220523 19:44:53.102" endtime="20220523 19:44:53.201"/>
</kw>
<kw name="Clicar no botão" library="actions">
<arg>button alert</arg>
<kw name="Click Element" library="SeleniumLibrary">
<arg>xpath=//a[@class='${name_button}']</arg>
<doc>Click the element identified by ``locator``.</doc>
<msg timestamp="20220523 19:44:53.202" level="INFO">Clicking element 'xpath=//a[@class='button alert']'.</msg>
<status status="PASS" starttime="20220523 19:44:53.202" endtime="20220523 19:44:53.508"/>
</kw>
<kw name="Capture Page Screenshot" library="SeleniumLibrary">
<doc>Takes a screenshot of the current page and embeds it into a log file.</doc>
<msg timestamp="20220523 19:44:53.634" level="INFO" html="true">&lt;/td&gt;&lt;/tr&gt;&lt;tr&gt;&lt;td colspan="3"&gt;&lt;a href="selenium-screenshot-4.png"&gt;&lt;img src="selenium-screenshot-4.png" width="800px"&gt;&lt;/a&gt;</msg>
<status status="PASS" starttime="20220523 19:44:53.508" endtime="20220523 19:44:53.634"/>
</kw>
<status status="PASS" starttime="20220523 19:44:53.201" endtime="20220523 19:44:53.634"/>
</kw>
<status status="PASS" starttime="20220523 19:44:53.102" endtime="20220523 19:44:53.634"/>
</test>
<test id="s1-s2-t3" name="[CTW-O3]Clicar no botão Verde">
<kw name="Aguardar a Home Page está visivel" library="actions">
<kw name="Wait Until Page Contains" library="SeleniumLibrary">
<arg>Challenging DOM</arg>
<doc>Waits until ``text`` appears on the current page.</doc>
<status status="PASS" starttime="20220523 19:44:53.635" endtime="20220523 19:44:53.640"/>
</kw>
<kw name="Capture Page Screenshot" library="SeleniumLibrary">
<doc>Takes a screenshot of the current page and embeds it into a log file.</doc>
<msg timestamp="20220523 19:44:53.743" level="INFO" html="true">&lt;/td&gt;&lt;/tr&gt;&lt;tr&gt;&lt;td colspan="3"&gt;&lt;a href="selenium-screenshot-5.png"&gt;&lt;img src="selenium-screenshot-5.png" width="800px"&gt;&lt;/a&gt;</msg>
<status status="PASS" starttime="20220523 19:44:53.640" endtime="20220523 19:44:53.743"/>
</kw>
<status status="PASS" starttime="20220523 19:44:53.635" endtime="20220523 19:44:53.743"/>
</kw>
<kw name="Clicar no botão" library="actions">
<arg>button success</arg>
<kw name="Click Element" library="SeleniumLibrary">
<arg>xpath=//a[@class='${name_button}']</arg>
<doc>Click the element identified by ``locator``.</doc>
<msg timestamp="20220523 19:44:53.744" level="INFO">Clicking element 'xpath=//a[@class='button success']'.</msg>
<status status="PASS" starttime="20220523 19:44:53.743" endtime="20220523 19:44:54.093"/>
</kw>
<kw name="Capture Page Screenshot" library="SeleniumLibrary">
<doc>Takes a screenshot of the current page and embeds it into a log file.</doc>
<msg timestamp="20220523 19:44:54.191" level="INFO" html="true">&lt;/td&gt;&lt;/tr&gt;&lt;tr&gt;&lt;td colspan="3"&gt;&lt;a href="selenium-screenshot-6.png"&gt;&lt;img src="selenium-screenshot-6.png" width="800px"&gt;&lt;/a&gt;</msg>
<status status="PASS" starttime="20220523 19:44:54.093" endtime="20220523 19:44:54.192"/>
</kw>
<status status="PASS" starttime="20220523 19:44:53.743" endtime="20220523 19:44:54.192"/>
</kw>
<status status="PASS" starttime="20220523 19:44:53.635" endtime="20220523 19:44:54.192"/>
</test>
<test id="s1-s2-t4" name="[CTW-O4]Clicar em todos os botões &quot;edit&quot;">
<kw name="Aguardar a Home Page está visivel" library="actions">
<kw name="Wait Until Page Contains" library="SeleniumLibrary">
<arg>Challenging DOM</arg>
<doc>Waits until ``text`` appears on the current page.</doc>
<status status="PASS" starttime="20220523 19:44:54.193" endtime="20220523 19:44:54.197"/>
</kw>
<kw name="Capture Page Screenshot" library="SeleniumLibrary">
<doc>Takes a screenshot of the current page and embeds it into a log file.</doc>
<msg timestamp="20220523 19:44:54.299" level="INFO" html="true">&lt;/td&gt;&lt;/tr&gt;&lt;tr&gt;&lt;td colspan="3"&gt;&lt;a href="selenium-screenshot-7.png"&gt;&lt;img src="selenium-screenshot-7.png" width="800px"&gt;&lt;/a&gt;</msg>
<status status="PASS" starttime="20220523 19:44:54.198" endtime="20220523 19:44:54.299"/>
</kw>
<status status="PASS" starttime="20220523 19:44:54.193" endtime="20220523 19:44:54.299"/>
</kw>
<kw name="Clicar no texto &quot;edit&quot;" library="actions" sourcename="Clicar no texto &quot;${text}&quot;">
<kw name="Create List" library="BuiltIn">
<var>@{index}</var>
<arg>1</arg>
<arg>2</arg>
<arg>3</arg>
<arg>4</arg>
<arg>5</arg>
<arg>6</arg>
<arg>7</arg>
<arg>8</arg>
<arg>10</arg>
<doc>Returns a list containing given items.</doc>
<msg timestamp="20220523 19:44:54.300" level="INFO">@{index} = [ 1 | 2 | 3 | 4 | 5 | 6 | 7 | 8 | 10 ]</msg>
<status status="PASS" starttime="20220523 19:44:54.300" endtime="20220523 19:44:54.300"/>
</kw>
<for flavor="IN">
<var>${i}</var>
<value>@{index}</value>
<iter>
<var name="${i}">1</var>
<kw name="Click Element" library="SeleniumLibrary">
<arg>xpath=(//a[@href='#${text}'])[${i}]</arg>
<doc>Click the element identified by ``locator``.</doc>
<msg timestamp="20220523 19:44:54.301" level="INFO">Clicking element 'xpath=(//a[@href='#edit'])[1]'.</msg>
<status status="PASS" starttime="20220523 19:44:54.301" endtime="20220523 19:44:54.322"/>
</kw>
<kw name="Wait Until Location Contains" library="SeleniumLibrary">
<arg>https://the-internet.herokuapp.com/challenging_dom#${text}</arg>
<doc>Waits until the current URL contains ``expected``.</doc>
<status status="PASS" starttime="20220523 19:44:54.322" endtime="20220523 19:44:54.329"/>
</kw>
<kw name="Capture Page Screenshot" library="SeleniumLibrary">
<doc>Takes a screenshot of the current page and embeds it into a log file.</doc>
<msg timestamp="20220523 19:44:54.432" level="INFO" html="true">&lt;/td&gt;&lt;/tr&gt;&lt;tr&gt;&lt;td colspan="3"&gt;&lt;a href="selenium-screenshot-8.png"&gt;&lt;img src="selenium-screenshot-8.png" width="800px"&gt;&lt;/a&gt;</msg>
<status status="PASS" starttime="20220523 19:44:54.329" endtime="20220523 19:44:54.432"/>
</kw>
<kw name="Go Back" library="SeleniumLibrary">
<doc>Simulates the user clicking the back button on their browser.</doc>
<status status="PASS" starttime="20220523 19:44:54.432" endtime="20220523 19:44:54.442"/>
</kw>
<kw name="Capture Page Screenshot" library="SeleniumLibrary">
<doc>Takes a screenshot of the current page and embeds it into a log file.</doc>
<msg timestamp="20220523 19:44:54.553" level="INFO" html="true">&lt;/td&gt;&lt;/tr&gt;&lt;tr&gt;&lt;td colspan="3"&gt;&lt;a href="selenium-screenshot-9.png"&gt;&lt;img src="selenium-screenshot-9.png" width="800px"&gt;&lt;/a&gt;</msg>
<status status="PASS" starttime="20220523 19:44:54.442" endtime="20220523 19:44:54.553"/>
</kw>
<status status="PASS" starttime="20220523 19:44:54.300" endtime="20220523 19:44:54.553"/>
</iter>
<iter>
<var name="${i}">2</var>
<kw name="Click Element" library="SeleniumLibrary">
<arg>xpath=(//a[@href='#${text}'])[${i}]</arg>
<doc>Click the element identified by ``locator``.</doc>
<msg timestamp="20220523 19:44:54.554" level="INFO">Clicking element 'xpath=(//a[@href='#edit'])[2]'.</msg>
<status status="PASS" starttime="20220523 19:44:54.553" endtime="20220523 19:44:54.569"/>
</kw>
<kw name="Wait Until Location Contains" library="SeleniumLibrary">
<arg>https://the-internet.herokuapp.com/challenging_dom#${text}</arg>
<doc>Waits until the current URL contains ``expected``.</doc>
<status status="PASS" starttime="20220523 19:44:54.570" endtime="20220523 19:44:54.578"/>
</kw>
<kw name="Capture Page Screenshot" library="SeleniumLibrary">
<doc>Takes a screenshot of the current page and embeds it into a log file.</doc>
<msg timestamp="20220523 19:44:54.671" level="INFO" html="true">&lt;/td&gt;&lt;/tr&gt;&lt;tr&gt;&lt;td colspan="3"&gt;&lt;a href="selenium-screenshot-10.png"&gt;&lt;img src="selenium-screenshot-10.png" width="800px"&gt;&lt;/a&gt;</msg>
<status status="PASS" starttime="20220523 19:44:54.578" endtime="20220523 19:44:54.671"/>
</kw>
<kw name="Go Back" library="SeleniumLibrary">
<doc>Simulates the user clicking the back button on their browser.</doc>
<status status="PASS" starttime="20220523 19:44:54.671" endtime="20220523 19:44:54.680"/>
</kw>
<kw name="Capture Page Screenshot" library="SeleniumLibrary">
<doc>Takes a screenshot of the current page and embeds it into a log file.</doc>
<msg timestamp="20220523 19:44:54.781" level="INFO" html="true">&lt;/td&gt;&lt;/tr&gt;&lt;tr&gt;&lt;td colspan="3"&gt;&lt;a href="selenium-screenshot-11.png"&gt;&lt;img src="selenium-screenshot-11.png" width="800px"&gt;&lt;/a&gt;</msg>
<status status="PASS" starttime="20220523 19:44:54.680" endtime="20220523 19:44:54.781"/>
</kw>
<status status="PASS" starttime="20220523 19:44:54.553" endtime="20220523 19:44:54.781"/>
</iter>
<iter>
<var name="${i}">3</var>
<kw name="Click Element" library="SeleniumLibrary">
<arg>xpath=(//a[@href='#${text}'])[${i}]</arg>
<doc>Click the element identified by ``locator``.</doc>
<msg timestamp="20220523 19:44:54.781" level="INFO">Clicking element 'xpath=(//a[@href='#edit'])[3]'.</msg>
<status status="PASS" starttime="20220523 19:44:54.781" endtime="20220523 19:44:54.797"/>
</kw>
<kw name="Wait Until Location Contains" library="SeleniumLibrary">
<arg>https://the-internet.herokuapp.com/challenging_dom#${text}</arg>
<doc>Waits until the current URL contains ``expected``.</doc>
<status status="PASS" starttime="20220523 19:44:54.797" endtime="20220523 19:44:54.808"/>
</kw>
<kw name="Capture Page Screenshot" library="SeleniumLibrary">
<doc>Takes a screenshot of the current page and embeds it into a log file.</doc>
<msg timestamp="20220523 19:44:54.911" level="INFO" html="true">&lt;/td&gt;&lt;/tr&gt;&lt;tr&gt;&lt;td colspan="3"&gt;&lt;a href="selenium-screenshot-12.png"&gt;&lt;img src="selenium-screenshot-12.png" width="800px"&gt;&lt;/a&gt;</msg>
<status status="PASS" starttime="20220523 19:44:54.808" endtime="20220523 19:44:54.911"/>
</kw>
<kw name="Go Back" library="SeleniumLibrary">
<doc>Simulates the user clicking the back button on their browser.</doc>
<status status="PASS" starttime="20220523 19:44:54.912" endtime="20220523 19:44:54.921"/>
</kw>
<kw name="Capture Page Screenshot" library="SeleniumLibrary">
<doc>Takes a screenshot of the current page and embeds it into a log file.</doc>
<msg timestamp="20220523 19:44:55.020" level="INFO" html="true">&lt;/td&gt;&lt;/tr&gt;&lt;tr&gt;&lt;td colspan="3"&gt;&lt;a href="selenium-screenshot-13.png"&gt;&lt;img src="selenium-screenshot-13.png" width="800px"&gt;&lt;/a&gt;</msg>
<status status="PASS" starttime="20220523 19:44:54.921" endtime="20220523 19:44:55.020"/>
</kw>
<status status="PASS" starttime="20220523 19:44:54.781" endtime="20220523 19:44:55.020"/>
</iter>
<iter>
<var name="${i}">4</var>
<kw name="Click Element" library="SeleniumLibrary">
<arg>xpath=(//a[@href='#${text}'])[${i}]</arg>
<doc>Click the element identified by ``locator``.</doc>
<msg timestamp="20220523 19:44:55.021" level="INFO">Clicking element 'xpath=(//a[@href='#edit'])[4]'.</msg>
<status status="PASS" starttime="20220523 19:44:55.020" endtime="20220523 19:44:55.037"/>
</kw>
<kw name="Wait Until Location Contains" library="SeleniumLibrary">
<arg>https://the-internet.herokuapp.com/challenging_dom#${text}</arg>
<doc>Waits until the current URL contains ``expected``.</doc>
<status status="PASS" starttime="20220523 19:44:55.037" endtime="20220523 19:44:55.046"/>
</kw>
<kw name="Capture Page Screenshot" library="SeleniumLibrary">
<doc>Takes a screenshot of the current page and embeds it into a log file.</doc>
<msg timestamp="20220523 19:44:55.135" level="INFO" html="true">&lt;/td&gt;&lt;/tr&gt;&lt;tr&gt;&lt;td colspan="3"&gt;&lt;a href="selenium-screenshot-14.png"&gt;&lt;img src="selenium-screenshot-14.png" width="800px"&gt;&lt;/a&gt;</msg>
<status status="PASS" starttime="20220523 19:44:55.047" endtime="20220523 19:44:55.135"/>
</kw>
<kw name="Go Back" library="SeleniumLibrary">
<doc>Simulates the user clicking the back button on their browser.</doc>
<status status="PASS" starttime="20220523 19:44:55.135" endtime="20220523 19:44:55.145"/>
</kw>
<kw name="Capture Page Screenshot" library="SeleniumLibrary">
<doc>Takes a screenshot of the current page and embeds it into a log file.</doc>
<msg timestamp="20220523 19:44:55.239" level="INFO" html="true">&lt;/td&gt;&lt;/tr&gt;&lt;tr&gt;&lt;td colspan="3"&gt;&lt;a href="selenium-screenshot-15.png"&gt;&lt;img src="selenium-screenshot-15.png" width="800px"&gt;&lt;/a&gt;</msg>
<status status="PASS" starttime="20220523 19:44:55.145" endtime="20220523 19:44:55.239"/>
</kw>
<status status="PASS" starttime="20220523 19:44:55.020" endtime="20220523 19:44:55.239"/>
</iter>
<iter>
<var name="${i}">5</var>
<kw name="Click Element" library="SeleniumLibrary">
<arg>xpath=(//a[@href='#${text}'])[${i}]</arg>
<doc>Click the element identified by ``locator``.</doc>
<msg timestamp="20220523 19:44:55.240" level="INFO">Clicking element 'xpath=(//a[@href='#edit'])[5]'.</msg>
<status status="PASS" starttime="20220523 19:44:55.240" endtime="20220523 19:44:55.255"/>
</kw>
<kw name="Wait Until Location Contains" library="SeleniumLibrary">
<arg>https://the-internet.herokuapp.com/challenging_dom#${text}</arg>
<doc>Waits until the current URL contains ``expected``.</doc>
<status status="PASS" starttime="20220523 19:44:55.255" endtime="20220523 19:44:55.264"/>
</kw>
<kw name="Capture Page Screenshot" library="SeleniumLibrary">
<doc>Takes a screenshot of the current page and embeds it into a log file.</doc>
<msg timestamp="20220523 19:44:55.351" level="INFO" html="true">&lt;/td&gt;&lt;/tr&gt;&lt;tr&gt;&lt;td colspan="3"&gt;&lt;a href="selenium-screenshot-16.png"&gt;&lt;img src="selenium-screenshot-16.png" width="800px"&gt;&lt;/a&gt;</msg>
<status status="PASS" starttime="20220523 19:44:55.264" endtime="20220523 19:44:55.351"/>
</kw>
<kw name="Go Back" library="SeleniumLibrary">
<doc>Simulates the user clicking the back button on their browser.</doc>
<status status="PASS" starttime="20220523 19:44:55.351" endtime="20220523 19:44:55.360"/>
</kw>
<kw name="Capture Page Screenshot" library="SeleniumLibrary">
<doc>Takes a screenshot of the current page and embeds it into a log file.</doc>
<msg timestamp="20220523 19:44:55.455" level="INFO" html="true">&lt;/td&gt;&lt;/tr&gt;&lt;tr&gt;&lt;td colspan="3"&gt;&lt;a href="selenium-screenshot-17.png"&gt;&lt;img src="selenium-screenshot-17.png" width="800px"&gt;&lt;/a&gt;</msg>
<status status="PASS" starttime="20220523 19:44:55.360" endtime="20220523 19:44:55.455"/>
</kw>
<status status="PASS" starttime="20220523 19:44:55.240" endtime="20220523 19:44:55.455"/>
</iter>
<iter>
<var name="${i}">6</var>
<kw name="Click Element" library="SeleniumLibrary">
<arg>xpath=(//a[@href='#${text}'])[${i}]</arg>
<doc>Click the element identified by ``locator``.</doc>
<msg timestamp="20220523 19:44:55.455" level="INFO">Clicking element 'xpath=(//a[@href='#edit'])[6]'.</msg>
<status status="PASS" starttime="20220523 19:44:55.455" endtime="20220523 19:44:55.471"/>
</kw>
<kw name="Wait Until Location Contains" library="SeleniumLibrary">
<arg>https://the-internet.herokuapp.com/challenging_dom#${text}</arg>
<doc>Waits until the current URL contains ``expected``.</doc>
<status status="PASS" starttime="20220523 19:44:55.472" endtime="20220523 19:44:55.480"/>
</kw>
<kw name="Capture Page Screenshot" library="SeleniumLibrary">
<doc>Takes a screenshot of the current page and embeds it into a log file.</doc>
<msg timestamp="20220523 19:44:55.572" level="INFO" html="true">&lt;/td&gt;&lt;/tr&gt;&lt;tr&gt;&lt;td colspan="3"&gt;&lt;a href="selenium-screenshot-18.png"&gt;&lt;img src="selenium-screenshot-18.png" width="800px"&gt;&lt;/a&gt;</msg>
<status status="PASS" starttime="20220523 19:44:55.481" endtime="20220523 19:44:55.572"/>
</kw>
<kw name="Go Back" library="SeleniumLibrary">
<doc>Simulates the user clicking the back button on their browser.</doc>
<status status="PASS" starttime="20220523 19:44:55.572" endtime="20220523 19:44:55.581"/>
</kw>
<kw name="Capture Page Screenshot" library="SeleniumLibrary">
<doc>Takes a screenshot of the current page and embeds it into a log file.</doc>
<msg timestamp="20220523 19:44:55.687" level="INFO" html="true">&lt;/td&gt;&lt;/tr&gt;&lt;tr&gt;&lt;td colspan="3"&gt;&lt;a href="selenium-screenshot-19.png"&gt;&lt;img src="selenium-screenshot-19.png" width="800px"&gt;&lt;/a&gt;</msg>
<status status="PASS" starttime="20220523 19:44:55.581" endtime="20220523 19:44:55.687"/>
</kw>
<status status="PASS" starttime="20220523 19:44:55.455" endtime="20220523 19:44:55.687"/>
</iter>
<iter>
<var name="${i}">7</var>
<kw name="Click Element" library="SeleniumLibrary">
<arg>xpath=(//a[@href='#${text}'])[${i}]</arg>
<doc>Click the element identified by ``locator``.</doc>
<msg timestamp="20220523 19:44:55.688" level="INFO">Clicking element 'xpath=(//a[@href='#edit'])[7]'.</msg>
<status status="PASS" starttime="20220523 19:44:55.687" endtime="20220523 19:44:55.702"/>
</kw>
<kw name="Wait Until Location Contains" library="SeleniumLibrary">
<arg>https://the-internet.herokuapp.com/challenging_dom#${text}</arg>
<doc>Waits until the current URL contains ``expected``.</doc>
<status status="PASS" starttime="20220523 19:44:55.702" endtime="20220523 19:44:55.704"/>
</kw>
<kw name="Capture Page Screenshot" library="SeleniumLibrary">
<doc>Takes a screenshot of the current page and embeds it into a log file.</doc>
<msg timestamp="20220523 19:44:55.808" level="INFO" html="true">&lt;/td&gt;&lt;/tr&gt;&lt;tr&gt;&lt;td colspan="3"&gt;&lt;a href="selenium-screenshot-20.png"&gt;&lt;img src="selenium-screenshot-20.png" width="800px"&gt;&lt;/a&gt;</msg>
<status status="PASS" starttime="20220523 19:44:55.704" endtime="20220523 19:44:55.808"/>
</kw>
<kw name="Go Back" library="SeleniumLibrary">
<doc>Simulates the user clicking the back button on their browser.</doc>
<status status="PASS" starttime="20220523 19:44:55.808" endtime="20220523 19:44:55.816"/>
</kw>
<kw name="Capture Page Screenshot" library="SeleniumLibrary">
<doc>Takes a screenshot of the current page and embeds it into a log file.</doc>
<msg timestamp="20220523 19:44:55.911" level="INFO" html="true">&lt;/td&gt;&lt;/tr&gt;&lt;tr&gt;&lt;td colspan="3"&gt;&lt;a href="selenium-screenshot-21.png"&gt;&lt;img src="selenium-screenshot-21.png" width="800px"&gt;&lt;/a&gt;</msg>
<status status="PASS" starttime="20220523 19:44:55.817" endtime="20220523 19:44:55.911"/>
</kw>
<status status="PASS" starttime="20220523 19:44:55.687" endtime="20220523 19:44:55.911"/>
</iter>
<iter>
<var name="${i}">8</var>
<kw name="Click Element" library="SeleniumLibrary">
<arg>xpath=(//a[@href='#${text}'])[${i}]</arg>
<doc>Click the element identified by ``locator``.</doc>
<msg timestamp="20220523 19:44:55.911" level="INFO">Clicking element 'xpath=(//a[@href='#edit'])[8]'.</msg>
<status status="PASS" starttime="20220523 19:44:55.911" endtime="20220523 19:44:55.926"/>
</kw>
<kw name="Wait Until Location Contains" library="SeleniumLibrary">
<arg>https://the-internet.herokuapp.com/challenging_dom#${text}</arg>
<doc>Waits until the current URL contains ``expected``.</doc>
<status status="PASS" starttime="20220523 19:44:55.926" endtime="20220523 19:44:55.935"/>
</kw>
<kw name="Capture Page Screenshot" library="SeleniumLibrary">
<doc>Takes a screenshot of the current page and embeds it into a log file.</doc>
<msg timestamp="20220523 19:44:56.024" level="INFO" html="true">&lt;/td&gt;&lt;/tr&gt;&lt;tr&gt;&lt;td colspan="3"&gt;&lt;a href="selenium-screenshot-22.png"&gt;&lt;img src="selenium-screenshot-22.png" width="800px"&gt;&lt;/a&gt;</msg>
<status status="PASS" starttime="20220523 19:44:55.935" endtime="20220523 19:44:56.024"/>
</kw>
<kw name="Go Back" library="SeleniumLibrary">
<doc>Simulates the user clicking the back button on their browser.</doc>
<status status="PASS" starttime="20220523 19:44:56.024" endtime="20220523 19:44:56.033"/>
</kw>
<kw name="Capture Page Screenshot" library="SeleniumLibrary">
<doc>Takes a screenshot of the current page and embeds it into a log file.</doc>
<msg timestamp="20220523 19:44:56.127" level="INFO" html="true">&lt;/td&gt;&lt;/tr&gt;&lt;tr&gt;&lt;td colspan="3"&gt;&lt;a href="selenium-screenshot-23.png"&gt;&lt;img src="selenium-screenshot-23.png" width="800px"&gt;&lt;/a&gt;</msg>
<status status="PASS" starttime="20220523 19:44:56.033" endtime="20220523 19:44:56.127"/>
</kw>
<status status="PASS" starttime="20220523 19:44:55.911" endtime="20220523 19:44:56.128"/>
</iter>
<iter>
<var name="${i}">10</var>
<kw name="Click Element" library="SeleniumLibrary">
<arg>xpath=(//a[@href='#${text}'])[${i}]</arg>
<doc>Click the element identified by ``locator``.</doc>
<msg timestamp="20220523 19:44:56.128" level="INFO">Clicking element 'xpath=(//a[@href='#edit'])[10]'.</msg>
<status status="PASS" starttime="20220523 19:44:56.128" endtime="20220523 19:44:56.143"/>
</kw>
<kw name="Wait Until Location Contains" library="SeleniumLibrary">
<arg>https://the-internet.herokuapp.com/challenging_dom#${text}</arg>
<doc>Waits until the current URL contains ``expected``.</doc>
<status status="PASS" starttime="20220523 19:44:56.143" endtime="20220523 19:44:56.152"/>
</kw>
<kw name="Capture Page Screenshot" library="SeleniumLibrary">
<doc>Takes a screenshot of the current page and embeds it into a log file.</doc>
<msg timestamp="20220523 19:44:56.239" level="INFO" html="true">&lt;/td&gt;&lt;/tr&gt;&lt;tr&gt;&lt;td colspan="3"&gt;&lt;a href="selenium-screenshot-24.png"&gt;&lt;img src="selenium-screenshot-24.png" width="800px"&gt;&lt;/a&gt;</msg>
<status status="PASS" starttime="20220523 19:44:56.153" endtime="20220523 19:44:56.239"/>
</kw>
<kw name="Go Back" library="SeleniumLibrary">
<doc>Simulates the user clicking the back button on their browser.</doc>
<status status="PASS" starttime="20220523 19:44:56.239" endtime="20220523 19:44:56.248"/>
</kw>
<kw name="Capture Page Screenshot" library="SeleniumLibrary">
<doc>Takes a screenshot of the current page and embeds it into a log file.</doc>
<msg timestamp="20220523 19:44:56.352" level="INFO" html="true">&lt;/td&gt;&lt;/tr&gt;&lt;tr&gt;&lt;td colspan="3"&gt;&lt;a href="selenium-screenshot-25.png"&gt;&lt;img src="selenium-screenshot-25.png" width="800px"&gt;&lt;/a&gt;</msg>
<status status="PASS" starttime="20220523 19:44:56.248" endtime="20220523 19:44:56.352"/>
</kw>
<status status="PASS" starttime="20220523 19:44:56.128" endtime="20220523 19:44:56.352"/>
</iter>
<status status="PASS" starttime="20220523 19:44:54.300" endtime="20220523 19:44:56.352"/>
</for>
<status status="PASS" starttime="20220523 19:44:54.299" endtime="20220523 19:44:56.352"/>
</kw>
<status status="PASS" starttime="20220523 19:44:54.192" endtime="20220523 19:44:56.352"/>
</test>
<test id="s1-s2-t5" name="[CTW-O5]Clicar em todos os botões &quot;delete&quot;">
<kw name="Aguardar a Home Page está visivel" library="actions">
<kw name="Wait Until Page Contains" library="SeleniumLibrary">
<arg>Challenging DOM</arg>
<doc>Waits until ``text`` appears on the current page.</doc>
<status status="PASS" starttime="20220523 19:44:56.354" endtime="20220523 19:44:56.358"/>
</kw>
<kw name="Capture Page Screenshot" library="SeleniumLibrary">
<doc>Takes a screenshot of the current page and embeds it into a log file.</doc>
<msg timestamp="20220523 19:44:56.452" level="INFO" html="true">&lt;/td&gt;&lt;/tr&gt;&lt;tr&gt;&lt;td colspan="3"&gt;&lt;a href="selenium-screenshot-26.png"&gt;&lt;img src="selenium-screenshot-26.png" width="800px"&gt;&lt;/a&gt;</msg>
<status status="PASS" starttime="20220523 19:44:56.358" endtime="20220523 19:44:56.452"/>
</kw>
<status status="PASS" starttime="20220523 19:44:56.353" endtime="20220523 19:44:56.453"/>
</kw>
<kw name="Clicar no texto &quot;delete&quot;" library="actions" sourcename="Clicar no texto &quot;${text}&quot;">
<kw name="Create List" library="BuiltIn">
<var>@{index}</var>
<arg>1</arg>
<arg>2</arg>
<arg>3</arg>
<arg>4</arg>
<arg>5</arg>
<arg>6</arg>
<arg>7</arg>
<arg>8</arg>
<arg>10</arg>
<doc>Returns a list containing given items.</doc>
<msg timestamp="20220523 19:44:56.453" level="INFO">@{index} = [ 1 | 2 | 3 | 4 | 5 | 6 | 7 | 8 | 10 ]</msg>
<status status="PASS" starttime="20220523 19:44:56.453" endtime="20220523 19:44:56.453"/>
</kw>
<for flavor="IN">
<var>${i}</var>
<value>@{index}</value>
<iter>
<var name="${i}">1</var>
<kw name="Click Element" library="SeleniumLibrary">
<arg>xpath=(//a[@href='#${text}'])[${i}]</arg>
<doc>Click the element identified by ``locator``.</doc>
<msg timestamp="20220523 19:44:56.454" level="INFO">Clicking element 'xpath=(//a[@href='#delete'])[1]'.</msg>
<status status="PASS" starttime="20220523 19:44:56.454" endtime="20220523 19:44:56.481"/>
</kw>
<kw name="Wait Until Location Contains" library="SeleniumLibrary">
<arg>https://the-internet.herokuapp.com/challenging_dom#${text}</arg>
<doc>Waits until the current URL contains ``expected``.</doc>
<status status="PASS" starttime="20220523 19:44:56.481" endtime="20220523 19:44:56.492"/>
</kw>
<kw name="Capture Page Screenshot" library="SeleniumLibrary">
<doc>Takes a screenshot of the current page and embeds it into a log file.</doc>
<msg timestamp="20220523 19:44:56.581" level="INFO" html="true">&lt;/td&gt;&lt;/tr&gt;&lt;tr&gt;&lt;td colspan="3"&gt;&lt;a href="selenium-screenshot-27.png"&gt;&lt;img src="selenium-screenshot-27.png" width="800px"&gt;&lt;/a&gt;</msg>
<status status="PASS" starttime="20220523 19:44:56.492" endtime="20220523 19:44:56.582"/>
</kw>
<kw name="Go Back" library="SeleniumLibrary">
<doc>Simulates the user clicking the back button on their browser.</doc>
<status status="PASS" starttime="20220523 19:44:56.582" endtime="20220523 19:44:56.590"/>
</kw>
<kw name="Capture Page Screenshot" library="SeleniumLibrary">
<doc>Takes a screenshot of the current page and embeds it into a log file.</doc>
<msg timestamp="20220523 19:44:56.685" level="INFO" html="true">&lt;/td&gt;&lt;/tr&gt;&lt;tr&gt;&lt;td colspan="3"&gt;&lt;a href="selenium-screenshot-28.png"&gt;&lt;img src="selenium-screenshot-28.png" width="800px"&gt;&lt;/a&gt;</msg>
<status status="PASS" starttime="20220523 19:44:56.590" endtime="20220523 19:44:56.685"/>
</kw>
<status status="PASS" starttime="20220523 19:44:56.453" endtime="20220523 19:44:56.685"/>
</iter>
<iter>
<var name="${i}">2</var>
<kw name="Click Element" library="SeleniumLibrary">
<arg>xpath=(//a[@href='#${text}'])[${i}]</arg>
<doc>Click the element identified by ``locator``.</doc>
<msg timestamp="20220523 19:44:56.686" level="INFO">Clicking element 'xpath=(//a[@href='#delete'])[2]'.</msg>
<status status="PASS" starttime="20220523 19:44:56.685" endtime="20220523 19:44:56.702"/>
</kw>
<kw name="Wait Until Location Contains" library="SeleniumLibrary">
<arg>https://the-internet.herokuapp.com/challenging_dom#${text}</arg>
<doc>Waits until the current URL contains ``expected``.</doc>
<status status="PASS" starttime="20220523 19:44:56.702" endtime="20220523 19:44:56.711"/>
</kw>
<kw name="Capture Page Screenshot" library="SeleniumLibrary">
<doc>Takes a screenshot of the current page and embeds it into a log file.</doc>
<msg timestamp="20220523 19:44:56.797" level="INFO" html="true">&lt;/td&gt;&lt;/tr&gt;&lt;tr&gt;&lt;td colspan="3"&gt;&lt;a href="selenium-screenshot-29.png"&gt;&lt;img src="selenium-screenshot-29.png" width="800px"&gt;&lt;/a&gt;</msg>
<status status="PASS" starttime="20220523 19:44:56.711" endtime="20220523 19:44:56.798"/>
</kw>
<kw name="Go Back" library="SeleniumLibrary">
<doc>Simulates the user clicking the back button on their browser.</doc>
<status status="PASS" starttime="20220523 19:44:56.798" endtime="20220523 19:44:56.806"/>
</kw>
<kw name="Capture Page Screenshot" library="SeleniumLibrary">
<doc>Takes a screenshot of the current page and embeds it into a log file.</doc>
<msg timestamp="20220523 19:44:56.898" level="INFO" html="true">&lt;/td&gt;&lt;/tr&gt;&lt;tr&gt;&lt;td colspan="3"&gt;&lt;a href="selenium-screenshot-30.png"&gt;&lt;img src="selenium-screenshot-30.png" width="800px"&gt;&lt;/a&gt;</msg>
<status status="PASS" starttime="20220523 19:44:56.807" endtime="20220523 19:44:56.898"/>
</kw>
<status status="PASS" starttime="20220523 19:44:56.685" endtime="20220523 19:44:56.898"/>
</iter>
<iter>
<var name="${i}">3</var>
<kw name="Click Element" library="SeleniumLibrary">
<arg>xpath=(//a[@href='#${text}'])[${i}]</arg>
<doc>Click the element identified by ``locator``.</doc>
<msg timestamp="20220523 19:44:56.899" level="INFO">Clicking element 'xpath=(//a[@href='#delete'])[3]'.</msg>
<status status="PASS" starttime="20220523 19:44:56.899" endtime="20220523 19:44:56.915"/>
</kw>
<kw name="Wait Until Location Contains" library="SeleniumLibrary">
<arg>https://the-internet.herokuapp.com/challenging_dom#${text}</arg>
<doc>Waits until the current URL contains ``expected``.</doc>
<status status="PASS" starttime="20220523 19:44:56.915" endtime="20220523 19:44:56.924"/>
</kw>
<kw name="Capture Page Screenshot" library="SeleniumLibrary">
<doc>Takes a screenshot of the current page and embeds it into a log file.</doc>
<msg timestamp="20220523 19:44:57.009" level="INFO" html="true">&lt;/td&gt;&lt;/tr&gt;&lt;tr&gt;&lt;td colspan="3"&gt;&lt;a href="selenium-screenshot-31.png"&gt;&lt;img src="selenium-screenshot-31.png" width="800px"&gt;&lt;/a&gt;</msg>
<status status="PASS" starttime="20220523 19:44:56.924" endtime="20220523 19:44:57.010"/>
</kw>
<kw name="Go Back" library="SeleniumLibrary">
<doc>Simulates the user clicking the back button on their browser.</doc>
<status status="PASS" starttime="20220523 19:44:57.010" endtime="20220523 19:44:57.019"/>
</kw>
<kw name="Capture Page Screenshot" library="SeleniumLibrary">
<doc>Takes a screenshot of the current page and embeds it into a log file.</doc>
<msg timestamp="20220523 19:44:57.116" level="INFO" html="true">&lt;/td&gt;&lt;/tr&gt;&lt;tr&gt;&lt;td colspan="3"&gt;&lt;a href="selenium-screenshot-32.png"&gt;&lt;img src="selenium-screenshot-32.png" width="800px"&gt;&lt;/a&gt;</msg>
<status status="PASS" starttime="20220523 19:44:57.019" endtime="20220523 19:44:57.116"/>
</kw>
<status status="PASS" starttime="20220523 19:44:56.898" endtime="20220523 19:44:57.116"/>
</iter>
<iter>
<var name="${i}">4</var>
<kw name="Click Element" library="SeleniumLibrary">
<arg>xpath=(//a[@href='#${text}'])[${i}]</arg>
<doc>Click the element identified by ``locator``.</doc>
<msg timestamp="20220523 19:44:57.117" level="INFO">Clicking element 'xpath=(//a[@href='#delete'])[4]'.</msg>
<status status="PASS" starttime="20220523 19:44:57.117" endtime="20220523 19:44:57.133"/>
</kw>
<kw name="Wait Until Location Contains" library="SeleniumLibrary">
<arg>https://the-internet.herokuapp.com/challenging_dom#${text}</arg>
<doc>Waits until the current URL contains ``expected``.</doc>
<status status="PASS" starttime="20220523 19:44:57.133" endtime="20220523 19:44:57.135"/>
</kw>
<kw name="Capture Page Screenshot" library="SeleniumLibrary">
<doc>Takes a screenshot of the current page and embeds it into a log file.</doc>
<msg timestamp="20220523 19:44:57.239" level="INFO" html="true">&lt;/td&gt;&lt;/tr&gt;&lt;tr&gt;&lt;td colspan="3"&gt;&lt;a href="selenium-screenshot-33.png"&gt;&lt;img src="selenium-screenshot-33.png" width="800px"&gt;&lt;/a&gt;</msg>
<status status="PASS" starttime="20220523 19:44:57.135" endtime="20220523 19:44:57.239"/>
</kw>
<kw name="Go Back" library="SeleniumLibrary">
<doc>Simulates the user clicking the back button on their browser.</doc>
<status status="PASS" starttime="20220523 19:44:57.239" endtime="20220523 19:44:57.248"/>
</kw>
<kw name="Capture Page Screenshot" library="SeleniumLibrary">
<doc>Takes a screenshot of the current page and embeds it into a log file.</doc>
<msg timestamp="20220523 19:44:57.352" level="INFO" html="true">&lt;/td&gt;&lt;/tr&gt;&lt;tr&gt;&lt;td colspan="3"&gt;&lt;a href="selenium-screenshot-34.png"&gt;&lt;img src="selenium-screenshot-34.png" width="800px"&gt;&lt;/a&gt;</msg>
<status status="PASS" starttime="20220523 19:44:57.249" endtime="20220523 19:44:57.352"/>
</kw>
<status status="PASS" starttime="20220523 19:44:57.117" endtime="20220523 19:44:57.352"/>
</iter>
<iter>
<var name="${i}">5</var>
<kw name="Click Element" library="SeleniumLibrary">
<arg>xpath=(//a[@href='#${text}'])[${i}]</arg>
<doc>Click the element identified by ``locator``.</doc>
<msg timestamp="20220523 19:44:57.353" level="INFO">Clicking element 'xpath=(//a[@href='#delete'])[5]'.</msg>
<status status="PASS" starttime="20220523 19:44:57.352" endtime="20220523 19:44:57.368"/>
</kw>
<kw name="Wait Until Location Contains" library="SeleniumLibrary">
<arg>https://the-internet.herokuapp.com/challenging_dom#${text}</arg>
<doc>Waits until the current URL contains ``expected``.</doc>
<status status="PASS" starttime="20220523 19:44:57.368" endtime="20220523 19:44:57.377"/>
</kw>
<kw name="Capture Page Screenshot" library="SeleniumLibrary">
<doc>Takes a screenshot of the current page and embeds it into a log file.</doc>
<msg timestamp="20220523 19:44:57.464" level="INFO" html="true">&lt;/td&gt;&lt;/tr&gt;&lt;tr&gt;&lt;td colspan="3"&gt;&lt;a href="selenium-screenshot-35.png"&gt;&lt;img src="selenium-screenshot-35.png" width="800px"&gt;&lt;/a&gt;</msg>
<status status="PASS" starttime="20220523 19:44:57.377" endtime="20220523 19:44:57.464"/>
</kw>
<kw name="Go Back" library="SeleniumLibrary">
<doc>Simulates the user clicking the back button on their browser.</doc>
<status status="PASS" starttime="20220523 19:44:57.464" endtime="20220523 19:44:57.473"/>
</kw>
<kw name="Capture Page Screenshot" library="SeleniumLibrary">
<doc>Takes a screenshot of the current page and embeds it into a log file.</doc>
<msg timestamp="20220523 19:44:57.566" level="INFO" html="true">&lt;/td&gt;&lt;/tr&gt;&lt;tr&gt;&lt;td colspan="3"&gt;&lt;a href="selenium-screenshot-36.png"&gt;&lt;img src="selenium-screenshot-36.png" width="800px"&gt;&lt;/a&gt;</msg>
<status status="PASS" starttime="20220523 19:44:57.473" endtime="20220523 19:44:57.566"/>
</kw>
<status status="PASS" starttime="20220523 19:44:57.352" endtime="20220523 19:44:57.566"/>
</iter>
<iter>
<var name="${i}">6</var>
<kw name="Click Element" library="SeleniumLibrary">
<arg>xpath=(//a[@href='#${text}'])[${i}]</arg>
<doc>Click the element identified by ``locator``.</doc>
<msg timestamp="20220523 19:44:57.567" level="INFO">Clicking element 'xpath=(//a[@href='#delete'])[6]'.</msg>
<status status="PASS" starttime="20220523 19:44:57.566" endtime="20220523 19:44:57.582"/>
</kw>
<kw name="Wait Until Location Contains" library="SeleniumLibrary">
<arg>https://the-internet.herokuapp.com/challenging_dom#${text}</arg>
<doc>Waits until the current URL contains ``expected``.</doc>
<status status="PASS" starttime="20220523 19:44:57.582" endtime="20220523 19:44:57.592"/>
</kw>
<kw name="Capture Page Screenshot" library="SeleniumLibrary">
<doc>Takes a screenshot of the current page and embeds it into a log file.</doc>
<msg timestamp="20220523 19:44:57.678" level="INFO" html="true">&lt;/td&gt;&lt;/tr&gt;&lt;tr&gt;&lt;td colspan="3"&gt;&lt;a href="selenium-screenshot-37.png"&gt;&lt;img src="selenium-screenshot-37.png" width="800px"&gt;&lt;/a&gt;</msg>
<status status="PASS" starttime="20220523 19:44:57.592" endtime="20220523 19:44:57.678"/>
</kw>
<kw name="Go Back" library="SeleniumLibrary">
<doc>Simulates the user clicking the back button on their browser.</doc>
<status status="PASS" starttime="20220523 19:44:57.679" endtime="20220523 19:44:57.687"/>
</kw>
<kw name="Capture Page Screenshot" library="SeleniumLibrary">
<doc>Takes a screenshot of the current page and embeds it into a log file.</doc>
<msg timestamp="20220523 19:44:57.781" level="INFO" html="true">&lt;/td&gt;&lt;/tr&gt;&lt;tr&gt;&lt;td colspan="3"&gt;&lt;a href="selenium-screenshot-38.png"&gt;&lt;img src="selenium-screenshot-38.png" width="800px"&gt;&lt;/a&gt;</msg>
<status status="PASS" starttime="20220523 19:44:57.687" endtime="20220523 19:44:57.782"/>
</kw>
<status status="PASS" starttime="20220523 19:44:57.566" endtime="20220523 19:44:57.782"/>
</iter>
<iter>
<var name="${i}">7</var>
<kw name="Click Element" library="SeleniumLibrary">
<arg>xpath=(//a[@href='#${text}'])[${i}]</arg>
<doc>Click the element identified by ``locator``.</doc>
<msg timestamp="20220523 19:44:57.782" level="INFO">Clicking element 'xpath=(//a[@href='#delete'])[7]'.</msg>
<status status="PASS" starttime="20220523 19:44:57.782" endtime="20220523 19:44:57.798"/>
</kw>
<kw name="Wait Until Location Contains" library="SeleniumLibrary">
<arg>https://the-internet.herokuapp.com/challenging_dom#${text}</arg>
<doc>Waits until the current URL contains ``expected``.</doc>
<status status="PASS" starttime="20220523 19:44:57.798" endtime="20220523 19:44:57.808"/>
</kw>
<kw name="Capture Page Screenshot" library="SeleniumLibrary">
<doc>Takes a screenshot of the current page and embeds it into a log file.</doc>
<msg timestamp="20220523 19:44:57.899" level="INFO" html="true">&lt;/td&gt;&lt;/tr&gt;&lt;tr&gt;&lt;td colspan="3"&gt;&lt;a href="selenium-screenshot-39.png"&gt;&lt;img src="selenium-screenshot-39.png" width="800px"&gt;&lt;/a&gt;</msg>
<status status="PASS" starttime="20220523 19:44:57.808" endtime="20220523 19:44:57.900"/>
</kw>
<kw name="Go Back" library="SeleniumLibrary">
<doc>Simulates the user clicking the back button on their browser.</doc>
<status status="PASS" starttime="20220523 19:44:57.900" endtime="20220523 19:44:57.908"/>
</kw>
<kw name="Capture Page Screenshot" library="SeleniumLibrary">
<doc>Takes a screenshot of the current page and embeds it into a log file.</doc>
<msg timestamp="20220523 19:44:58.009" level="INFO" html="true">&lt;/td&gt;&lt;/tr&gt;&lt;tr&gt;&lt;td colspan="3"&gt;&lt;a href="selenium-screenshot-40.png"&gt;&lt;img src="selenium-screenshot-40.png" width="800px"&gt;&lt;/a&gt;</msg>
<status status="PASS" starttime="20220523 19:44:57.908" endtime="20220523 19:44:58.009"/>
</kw>
<status status="PASS" starttime="20220523 19:44:57.782" endtime="20220523 19:44:58.009"/>
</iter>
<iter>
<var name="${i}">8</var>
<kw name="Click Element" library="SeleniumLibrary">
<arg>xpath=(//a[@href='#${text}'])[${i}]</arg>
<doc>Click the element identified by ``locator``.</doc>
<msg timestamp="20220523 19:44:58.010" level="INFO">Clicking element 'xpath=(//a[@href='#delete'])[8]'.</msg>
<status status="PASS" starttime="20220523 19:44:58.009" endtime="20220523 19:44:58.025"/>
</kw>
<kw name="Wait Until Location Contains" library="SeleniumLibrary">
<arg>https://the-internet.herokuapp.com/challenging_dom#${text}</arg>
<doc>Waits until the current URL contains ``expected``.</doc>
<status status="PASS" starttime="20220523 19:44:58.025" endtime="20220523 19:44:58.044"/>
</kw>
<kw name="Capture Page Screenshot" library="SeleniumLibrary">
<doc>Takes a screenshot of the current page and embeds it into a log file.</doc>
<msg timestamp="20220523 19:44:58.130" level="INFO" html="true">&lt;/td&gt;&lt;/tr&gt;&lt;tr&gt;&lt;td colspan="3"&gt;&lt;a href="selenium-screenshot-41.png"&gt;&lt;img src="selenium-screenshot-41.png" width="800px"&gt;&lt;/a&gt;</msg>
<status status="PASS" starttime="20220523 19:44:58.044" endtime="20220523 19:44:58.131"/>
</kw>
<kw name="Go Back" library="SeleniumLibrary">
<doc>Simulates the user clicking the back button on their browser.</doc>
<status status="PASS" starttime="20220523 19:44:58.131" endtime="20220523 19:44:58.140"/>
</kw>
<kw name="Capture Page Screenshot" library="SeleniumLibrary">
<doc>Takes a screenshot of the current page and embeds it into a log file.</doc>
<msg timestamp="20220523 19:44:58.232" level="INFO" html="true">&lt;/td&gt;&lt;/tr&gt;&lt;tr&gt;&lt;td colspan="3"&gt;&lt;a href="selenium-screenshot-42.png"&gt;&lt;img src="selenium-screenshot-42.png" width="800px"&gt;&lt;/a&gt;</msg>
<status status="PASS" starttime="20220523 19:44:58.140" endtime="20220523 19:44:58.232"/>
</kw>
<status status="PASS" starttime="20220523 19:44:58.009" endtime="20220523 19:44:58.233"/>
</iter>
<iter>
<var name="${i}">10</var>
<kw name="Click Element" library="SeleniumLibrary">
<arg>xpath=(//a[@href='#${text}'])[${i}]</arg>
<doc>Click the element identified by ``locator``.</doc>
<msg timestamp="20220523 19:44:58.233" level="INFO">Clicking element 'xpath=(//a[@href='#delete'])[10]'.</msg>
<status status="PASS" starttime="20220523 19:44:58.233" endtime="20220523 19:44:58.247"/>
</kw>
<kw name="Wait Until Location Contains" library="SeleniumLibrary">
<arg>https://the-internet.herokuapp.com/challenging_dom#${text}</arg>
<doc>Waits until the current URL contains ``expected``.</doc>
<status status="PASS" starttime="20220523 19:44:58.247" endtime="20220523 19:44:58.256"/>
</kw>
<kw name="Capture Page Screenshot" library="SeleniumLibrary">
<doc>Takes a screenshot of the current page and embeds it into a log file.</doc>
<msg timestamp="20220523 19:44:58.344" level="INFO" html="true">&lt;/td&gt;&lt;/tr&gt;&lt;tr&gt;&lt;td colspan="3"&gt;&lt;a href="selenium-screenshot-43.png"&gt;&lt;img src="selenium-screenshot-43.png" width="800px"&gt;&lt;/a&gt;</msg>
<status status="PASS" starttime="20220523 19:44:58.256" endtime="20220523 19:44:58.344"/>
</kw>
<kw name="Go Back" library="SeleniumLibrary">
<doc>Simulates the user clicking the back button on their browser.</doc>
<status status="PASS" starttime="20220523 19:44:58.344" endtime="20220523 19:44:58.352"/>
</kw>
<kw name="Capture Page Screenshot" library="SeleniumLibrary">
<doc>Takes a screenshot of the current page and embeds it into a log file.</doc>
<msg timestamp="20220523 19:44:58.446" level="INFO" html="true">&lt;/td&gt;&lt;/tr&gt;&lt;tr&gt;&lt;td colspan="3"&gt;&lt;a href="selenium-screenshot-44.png"&gt;&lt;img src="selenium-screenshot-44.png" width="800px"&gt;&lt;/a&gt;</msg>
<status status="PASS" starttime="20220523 19:44:58.352" endtime="20220523 19:44:58.446"/>
</kw>
<status status="PASS" starttime="20220523 19:44:58.233" endtime="20220523 19:44:58.446"/>
</iter>
<status status="PASS" starttime="20220523 19:44:56.453" endtime="20220523 19:44:58.446"/>
</for>
<status status="PASS" starttime="20220523 19:44:56.453" endtime="20220523 19:44:58.447"/>
</kw>
<status status="PASS" starttime="20220523 19:44:56.353" endtime="20220523 19:44:58.447"/>
</test>
<kw name="fechar navegador" library="setup" type="TEARDOWN">
<kw name="Capture Page Screenshot" library="SeleniumLibrary">
<arg>filename=screenshot_end.png</arg>
<doc>Takes a screenshot of the current page and embeds it into a log file.</doc>
<msg timestamp="20220523 19:44:58.537" level="INFO" html="true">&lt;/td&gt;&lt;/tr&gt;&lt;tr&gt;&lt;td colspan="3"&gt;&lt;a href="screenshot_end.png"&gt;&lt;img src="screenshot_end.png" width="800px"&gt;&lt;/a&gt;</msg>
<status status="PASS" starttime="20220523 19:44:58.448" endtime="20220523 19:44:58.537"/>
</kw>
<kw name="Close Browser" library="SeleniumLibrary">
<doc>Closes the current browser.</doc>
<status status="PASS" starttime="20220523 19:44:58.537" endtime="20220523 19:44:59.073"/>
</kw>
<status status="PASS" starttime="20220523 19:44:58.448" endtime="20220523 19:44:59.073"/>
</kw>
<doc>Esse arquivo possui os testes executaveis da WEB</doc>
<status status="PASS" starttime="20220523 19:44:29.318" endtime="20220523 19:44:59.073"/>
</suite>
<status status="PASS" starttime="20220523 19:44:27.607" endtime="20220523 19:44:59.075"/>
</suite>
<statistics>
<total>
<stat pass="10" fail="0" skip="0">All Tests</stat>
</total>
<tag>
<stat pass="1" fail="0" skip="0">test</stat>
</tag>
<suite>
<stat pass="10" fail="0" skip="0" id="s1" name="Tests">Tests</stat>
<stat pass="5" fail="0" skip="0" id="s1-s1" name="testsAPI">Tests.testsAPI</stat>
<stat pass="5" fail="0" skip="0" id="s1-s2" name="testsWeb">Tests.testsWeb</stat>
</suite>
</statistics>
<errors>
</errors>
</robot>
